<?xml version="1.0" encoding="UTF-8"?>
<testng-results skipped="0" failed="0" ignored="0" total="1" passed="1">
  <reporter-output>
  </reporter-output>
  <suite name="Default suite" duration-ms="75463" started-at="2018-11-14T20:09:49Z" finished-at="2018-11-14T20:11:05Z">
    <groups>
    </groups>
    <test name="Default test" duration-ms="75463" started-at="2018-11-14T20:09:49Z" finished-at="2018-11-14T20:11:05Z">
      <class name="WalletHub.Utility.Assignment2">
        <test-method status="PASS" signature="assignment2()[pri:0, instance:WalletHub.Utility.Assignment2@37d31475]" name="assignment2" duration-ms="75429" started-at="2018-11-14T20:09:49Z" finished-at="2018-11-14T20:11:05Z">
          <reporter-output>
          </reporter-output>
        </test-method> <!-- assignment2 -->
      </class> <!-- WalletHub.Utility.Assignment2 -->
    </test> <!-- Default test -->
  </suite> <!-- Default suite -->
</testng-results>
